<?xml version="1.0" encoding="UTF-8" ?>
<testsuite tests="3" failures="0" name="com.rockon.koboldcamp.KoboldCampDaoTest" time="1.576" errors="0" skipped="0">
  <properties>
[...]
</properties>
  <testcase classname="com.rockon.koboldcamp.KoboldCampDaoTest" name="test003GetUserIDbyUserName" time="1.389"/>
  <testcase classname="com.rockon.koboldcamp.KoboldCampDaoTest" name="test001AddArtist" time="0.109"/>
  <testcase classname="com.rockon.koboldcamp.KoboldCampDaoTest" name="test002SearchRentals" time="0.078"/>
</testsuite>